0 info it worked if it ends with ok
1 verbose cli [ '/usr/bin/node', '/usr/bin/npm', 'publish' ]
2 info using npm@4.1.2
3 info using node@v7.7.2
4 verbose publish [ '.' ]
5 silly cache add args [ '.', null ]
6 verbose cache add spec .
7 silly cache add parsed spec Result {
7 silly cache add   raw: '.',
7 silly cache add   scope: null,
7 silly cache add   escapedName: null,
7 silly cache add   name: null,
7 silly cache add   rawSpec: '.',
7 silly cache add   spec: '/home/jcruz/git/sk-generators/generator-sk-angular2',
7 silly cache add   type: 'directory' }
8 verbose addLocalDirectory /home/jcruz/.npm/generator-sk-angular2/1.0.1/package.tgz not in flight; packing
9 verbose correctMkdir /home/jcruz/.npm correctMkdir not in flight; initializing
10 info lifecycle generator-sk-angular2@1.0.1~prepublish: generator-sk-angular2@1.0.1
11 silly lifecycle generator-sk-angular2@1.0.1~prepublish: no script for prepublish, continuing
12 info lifecycle generator-sk-angular2@1.0.1~prepare: generator-sk-angular2@1.0.1
13 silly lifecycle generator-sk-angular2@1.0.1~prepare: no script for prepare, continuing
14 verbose tar pack [ '/home/jcruz/.npm/generator-sk-angular2/1.0.1/package.tgz',
14 verbose tar pack   '/home/jcruz/git/sk-generators/generator-sk-angular2' ]
15 verbose tarball /home/jcruz/.npm/generator-sk-angular2/1.0.1/package.tgz
16 verbose folder /home/jcruz/git/sk-generators/generator-sk-angular2
17 verbose addLocalTarball adding from inside cache /home/jcruz/.npm/generator-sk-angular2/1.0.1/package.tgz
18 verbose correctMkdir /home/jcruz/.npm correctMkdir not in flight; initializing
19 silly cache afterAdd generator-sk-angular2@1.0.1
20 verbose afterAdd /home/jcruz/.npm/generator-sk-angular2/1.0.1/package/package.json not in flight; writing
21 verbose correctMkdir /home/jcruz/.npm correctMkdir not in flight; initializing
22 verbose afterAdd /home/jcruz/.npm/generator-sk-angular2/1.0.1/package/package.json written
23 silly publish { name: 'generator-sk-angular2',
23 silly publish   version: '1.0.1',
23 silly publish   description: 'Gerador SK de artefatos Angular 2',
23 silly publish   main: 'index.js',
23 silly publish   scripts: { test: 'echo "Error: no test specified" && exit 1' },
23 silly publish   keywords: [ 'yeoman-generator', 'sk' ],
23 silly publish   author: { name: 'jcruz' },
23 silly publish   license: 'ISC',
23 silly publish   files: [ 'generators' ],
23 silly publish   dependencies:
23 silly publish    { '@angular-cli/ast-tools': '^1.0.16',
23 silly publish      'sk-node-api': '0.0.2',
23 silly publish      'yeoman-generator': '^1.0.0' },
23 silly publish   readme: 'ERROR: No README data found!',
23 silly publish   _id: 'generator-sk-angular2@1.0.1',
23 silly publish   _shasum: '6ca14b013237dcaaca81775c8a4c141b4c18d6a0',
23 silly publish   _from: '.' }
24 info lifecycle generator-sk-angular2@1.0.1~prepublishOnly: generator-sk-angular2@1.0.1
25 silly lifecycle generator-sk-angular2@1.0.1~prepublishOnly: no script for prepublishOnly, continuing
26 verbose getPublishConfig undefined
27 silly mapToRegistry name generator-sk-angular2
28 silly mapToRegistry using default registry
29 silly mapToRegistry registry https://registry.npmjs.org/
30 silly mapToRegistry data Result {
30 silly mapToRegistry   raw: 'generator-sk-angular2',
30 silly mapToRegistry   scope: null,
30 silly mapToRegistry   escapedName: 'generator-sk-angular2',
30 silly mapToRegistry   name: 'generator-sk-angular2',
30 silly mapToRegistry   rawSpec: '',
30 silly mapToRegistry   spec: 'latest',
30 silly mapToRegistry   type: 'tag' }
31 silly mapToRegistry uri https://registry.npmjs.org/generator-sk-angular2
32 verbose publish registryBase https://registry.npmjs.org/
33 silly publish uploading /home/jcruz/.npm/generator-sk-angular2/1.0.1/package.tgz
34 verbose request uri https://registry.npmjs.org/generator-sk-angular2
35 verbose request sending authorization for write operation
36 info attempt registry request try #1 at 6:20:40 PM
37 verbose request using bearer token for auth
38 verbose request id 5d8c684ddb39eab7
39 http request PUT https://registry.npmjs.org/generator-sk-angular2
40 http 403 https://registry.npmjs.org/generator-sk-angular2
41 verbose headers { 'content-type': 'application/json',
41 verbose headers   'cache-control': 'max-age=300',
41 verbose headers   'content-length': '95',
41 verbose headers   'accept-ranges': 'bytes',
41 verbose headers   date: 'Wed, 15 Mar 2017 21:20:41 GMT',
41 verbose headers   via: '1.1 varnish',
41 verbose headers   connection: 'keep-alive',
41 verbose headers   'x-served-by': 'cache-gru7123-GRU',
41 verbose headers   'x-cache': 'MISS',
41 verbose headers   'x-cache-hits': '0',
41 verbose headers   'x-timer': 'S1489612840.916766,VS0,VE793',
41 verbose headers   vary: 'Accept-Encoding' }
42 verbose request invalidating /home/jcruz/.npm/registry.npmjs.org/generator-sk-angular2 on PUT
43 error publish Failed PUT 403
44 verbose stack Error: "You cannot publish over the previously published version 1.0.1." : generator-sk-angular2
44 verbose stack     at makeError (/usr/lib/node_modules/npm/node_modules/npm-registry-client/lib/request.js:304:12)
44 verbose stack     at CachingRegistryClient.<anonymous> (/usr/lib/node_modules/npm/node_modules/npm-registry-client/lib/request.js:292:14)
44 verbose stack     at Request._callback (/usr/lib/node_modules/npm/node_modules/npm-registry-client/lib/request.js:212:14)
44 verbose stack     at Request.self.callback (/usr/lib/node_modules/npm/node_modules/request/request.js:186:22)
44 verbose stack     at emitTwo (events.js:106:13)
44 verbose stack     at Request.emit (events.js:194:7)
44 verbose stack     at Request.<anonymous> (/usr/lib/node_modules/npm/node_modules/request/request.js:1081:10)
44 verbose stack     at emitOne (events.js:96:13)
44 verbose stack     at Request.emit (events.js:191:7)
44 verbose stack     at IncomingMessage.<anonymous> (/usr/lib/node_modules/npm/node_modules/request/request.js:1001:12)
45 verbose statusCode 403
46 verbose pkgid generator-sk-angular2
47 verbose cwd /home/jcruz/git/sk-generators/generator-sk-angular2
48 error Linux 4.9.13-101.fc24.x86_64
49 error argv "/usr/bin/node" "/usr/bin/npm" "publish"
50 error node v7.7.2
51 error npm  v4.1.2
52 error code E403
53 error "You cannot publish over the previously published version 1.0.1." : generator-sk-angular2
54 error If you need help, you may report this error at:
54 error     <https://github.com/npm/npm/issues>
55 verbose exit [ 1, true ]
